# JRE version: OpenJDK Runtime Environment (21.0.5) (build 21.0.5+-12932927-b750.29)
# Java VM: OpenJDK 64-Bit Server VM (21.0.5+-12932927-b750.29, mixed mode, tiered, compressed oops, compressed class ptrs, g1 gc, windows-amd64)
GC Precious Log:
 CardTable entry size: 512
 Card Set container configuration: InlinePtr #cards 5 size 8 Array Of Cards #cards 12 size 40 Howl #buckets 4 coarsen threshold 1843 Howl Bitmap #cards 512 size 80 coarsen threshold 460 Card regions per heap region 1 cards per card region 2048
 CPUs: 12 total, 12 available
 Memory: 6005M
 Large Page Support: Disabled
 NUMA Support: Disabled
 Compressed Oops: Enabled (32-bit)
 Heap Region Size: 1M
 Heap Min Capacity: 8M
 Heap Initial Capacity: 94M
 Heap Max Capacity: 2G
 Pre-touch: Disabled
 Parallel Workers: 10
 Concurrent Workers: 3
 Concurrent Refinement Workers: 10
 Periodic GC: Disabled
Heap:
 garbage-first heap   total 193536K, used 161847K [0x0000000080000000, 0x0000000100000000)
  region size 1024K, 48 young (49152K), 5 survivors (5120K)
 Metaspace       used 88229K, committed 90176K, reserved 1179648K
  class space    used 11826K, committed 12800K, reserved 1048576K
GC Heap History (20 events):
Event: 18.485 GC heap before
{Heap before GC invocations=21 (full 0):
 garbage-first heap   total 133120K, used 110993K [0x0000000080000000, 0x0000000100000000)
  region size 1024K, 35 young (35840K), 4 survivors (4096K)
 Metaspace       used 70592K, committed 72384K, reserved 1114112K
  class space    used 9659K, committed 10560K, reserved 1048576K
}
Event: 18.493 GC heap after
{Heap after GC invocations=22 (full 0):
 garbage-first heap   total 133120K, used 81491K [0x0000000080000000, 0x0000000100000000)
  region size 1024K, 5 young (5120K), 5 survivors (5120K)
 Metaspace       used 70592K, committed 72384K, reserved 1114112K
  class space    used 9659K, committed 10560K, reserved 1048576K
}
Event: 20.434 GC heap before
{Heap before GC invocations=22 (full 0):
 garbage-first heap   total 133120K, used 118355K [0x0000000080000000, 0x0000000100000000)
  region size 1024K, 42 young (43008K), 5 survivors (5120K)
 Metaspace       used 72488K, committed 74240K, reserved 1114112K
  class space    used 9879K, committed 10752K, reserved 1048576K
}
Event: 20.445 GC heap after
{Heap after GC invocations=23 (full 0):
 garbage-first heap   total 133120K, used 85880K [0x0000000080000000, 0x0000000100000000)
  region size 1024K, 6 young (6144K), 6 survivors (6144K)
 Metaspace       used 72488K, committed 74240K, reserved 1114112K
  class space    used 9879K, committed 10752K, reserved 1048576K
}
Event: 20.907 GC heap before
{Heap before GC invocations=23 (full 0):
 garbage-first heap   total 133120K, used 118648K [0x0000000080000000, 0x0000000100000000)
  region size 1024K, 39 young (39936K), 6 survivors (6144K)
 Metaspace       used 72715K, committed 74496K, reserved 1114112K
  class space    used 9879K, committed 10752K, reserved 1048576K
}
Event: 20.914 GC heap after
{Heap after GC invocations=24 (full 0):
 garbage-first heap   total 133120K, used 88766K [0x0000000080000000, 0x0000000100000000)
  region size 1024K, 4 young (4096K), 4 survivors (4096K)
 Metaspace       used 72715K, committed 74496K, reserved 1114112K
  class space    used 9879K, committed 10752K, reserved 1048576K
}
Event: 21.150 GC heap before
{Heap before GC invocations=25 (full 0):
 garbage-first heap   total 148480K, used 119486K [0x0000000080000000, 0x0000000100000000)
  region size 1024K, 35 young (35840K), 4 survivors (4096K)
 Metaspace       used 72807K, committed 74624K, reserved 1114112K
  class space    used 9879K, committed 10752K, reserved 1048576K
}
Event: 21.154 GC heap after
{Heap after GC invocations=26 (full 0):
 garbage-first heap   total 148480K, used 89391K [0x0000000080000000, 0x0000000100000000)
  region size 1024K, 4 young (4096K), 4 survivors (4096K)
 Metaspace       used 72807K, committed 74624K, reserved 1114112K
  class space    used 9879K, committed 10752K, reserved 1048576K
}
Event: 21.487 GC heap before
{Heap before GC invocations=26 (full 0):
 garbage-first heap   total 148480K, used 132399K [0x0000000080000000, 0x0000000100000000)
  region size 1024K, 47 young (48128K), 4 survivors (4096K)
 Metaspace       used 72844K, committed 74624K, reserved 1114112K
  class space    used 9879K, committed 10752K, reserved 1048576K
}
Event: 21.493 GC heap after
{Heap after GC invocations=27 (full 0):
 garbage-first heap   total 148480K, used 88470K [0x0000000080000000, 0x0000000100000000)
  region size 1024K, 4 young (4096K), 4 survivors (4096K)
 Metaspace       used 72844K, committed 74624K, reserved 1114112K
  class space    used 9879K, committed 10752K, reserved 1048576K
}
Event: 21.876 GC heap before
{Heap before GC invocations=27 (full 0):
 garbage-first heap   total 148480K, used 132502K [0x0000000080000000, 0x0000000100000000)
  region size 1024K, 48 young (49152K), 4 survivors (4096K)
 Metaspace       used 72871K, committed 74624K, reserved 1114112K
  class space    used 9880K, committed 10752K, reserved 1048576K
}
Event: 21.880 GC heap after
{Heap after GC invocations=28 (full 0):
 garbage-first heap   total 148480K, used 89674K [0x0000000080000000, 0x0000000100000000)
  region size 1024K, 4 young (4096K), 4 survivors (4096K)
 Metaspace       used 72871K, committed 74624K, reserved 1114112K
  class space    used 9880K, committed 10752K, reserved 1048576K
}
Event: 23.697 GC heap before
{Heap before GC invocations=29 (full 0):
 garbage-first heap   total 150528K, used 148042K [0x0000000080000000, 0x0000000100000000)
  region size 1024K, 48 young (49152K), 4 survivors (4096K)
 Metaspace       used 75302K, committed 77120K, reserved 1179648K
  class space    used 10186K, committed 11072K, reserved 1048576K
}
Event: 23.705 GC heap after
{Heap after GC invocations=30 (full 0):
 garbage-first heap   total 163840K, used 112980K [0x0000000080000000, 0x0000000100000000)
  region size 1024K, 6 young (6144K), 6 survivors (6144K)
 Metaspace       used 75302K, committed 77120K, reserved 1179648K
  class space    used 10186K, committed 11072K, reserved 1048576K
}
Event: 25.026 GC heap before
{Heap before GC invocations=30 (full 0):
 garbage-first heap   total 163840K, used 147796K [0x0000000080000000, 0x0000000100000000)
  region size 1024K, 41 young (41984K), 6 survivors (6144K)
 Metaspace       used 78973K, committed 80896K, reserved 1179648K
  class space    used 10626K, committed 11584K, reserved 1048576K
}
Event: 25.033 GC heap after
{Heap after GC invocations=31 (full 0):
 garbage-first heap   total 163840K, used 112744K [0x0000000080000000, 0x0000000100000000)
  region size 1024K, 2 young (2048K), 2 survivors (2048K)
 Metaspace       used 78973K, committed 80896K, reserved 1179648K
  class space    used 10626K, committed 11584K, reserved 1048576K
}
Event: 26.098 GC heap before
{Heap before GC invocations=31 (full 0):
 garbage-first heap   total 163840K, used 149608K [0x0000000080000000, 0x0000000100000000)
  region size 1024K, 38 young (38912K), 2 survivors (2048K)
 Metaspace       used 83299K, committed 85312K, reserved 1179648K
  class space    used 11220K, committed 12224K, reserved 1048576K
}
Event: 26.103 GC heap after
{Heap after GC invocations=32 (full 0):
 garbage-first heap   total 163840K, used 114717K [0x0000000080000000, 0x0000000100000000)
  region size 1024K, 4 young (4096K), 4 survivors (4096K)
 Metaspace       used 83299K, committed 85312K, reserved 1179648K
  class space    used 11220K, committed 12224K, reserved 1048576K
}
Event: 26.806 GC heap before
{Heap before GC invocations=33 (full 0):
 garbage-first heap   total 193536K, used 154653K [0x0000000080000000, 0x0000000100000000)
  region size 1024K, 37 young (37888K), 4 survivors (4096K)
 Metaspace       used 85301K, committed 87232K, reserved 1179648K
  class space    used 11487K, committed 12480K, reserved 1048576K
}
Event: 26.811 GC heap after
{Heap after GC invocations=34 (full 0):
 garbage-first heap   total 193536K, used 117815K [0x0000000080000000, 0x0000000100000000)
  region size 1024K, 5 young (5120K), 5 survivors (5120K)
 Metaspace       used 85301K, committed 87232K, reserved 1179648K
  class space    used 11487K, committed 12480K, reserved 1048576K
}

