# JRE version: OpenJDK Runtime Environment (21.0.5) (build 21.0.5+-12932927-b750.29)
# Java VM: OpenJDK 64-Bit Server VM (21.0.5+-12932927-b750.29, mixed mode, tiered, compressed oops, compressed class ptrs, g1 gc, windows-amd64)
GC Precious Log:
 CardTable entry size: 512
 Card Set container configuration: InlinePtr #cards 5 size 8 Array Of Cards #cards 12 size 40 Howl #buckets 4 coarsen threshold 1843 Howl Bitmap #cards 512 size 80 coarsen threshold 460 Card regions per heap region 1 cards per card region 2048
 CPUs: 12 total, 12 available
 Memory: 6005M
 Large Page Support: Disabled
 NUMA Support: Disabled
 Compressed Oops: Enabled (32-bit)
 Heap Region Size: 1M
 Heap Min Capacity: 8M
 Heap Initial Capacity: 94M
 Heap Max Capacity: 2G
 Pre-touch: Disabled
 Parallel Workers: 10
 Concurrent Workers: 3
 Concurrent Refinement Workers: 10
 Periodic GC: Disabled
Heap:
 garbage-first heap   total 335872K, used 226816K [0x0000000080000000, 0x0000000100000000)
  region size 1024K, 13 young (13312K), 13 survivors (13312K)
 Metaspace       used 133659K, committed 135808K, reserved 1179648K
  class space    used 17800K, committed 18944K, reserved 1048576K
GC Heap History (20 events):
Event: 73.101 GC heap after
{Heap after GC invocations=57 (full 0):
 garbage-first heap   total 220160K, used 146864K [0x0000000080000000, 0x0000000100000000)
  region size 1024K, 5 young (5120K), 5 survivors (5120K)
 Metaspace       used 116514K, committed 118592K, reserved 1179648K
  class space    used 15748K, committed 16768K, reserved 1048576K
}
Event: 73.298 GC heap before
{Heap before GC invocations=57 (full 0):
 garbage-first heap   total 220160K, used 154032K [0x0000000080000000, 0x0000000100000000)
  region size 1024K, 14 young (14336K), 5 survivors (5120K)
 Metaspace       used 116598K, committed 118656K, reserved 1179648K
  class space    used 15757K, committed 16768K, reserved 1048576K
}
Event: 73.312 GC heap after
{Heap after GC invocations=58 (full 0):
 garbage-first heap   total 264192K, used 153174K [0x0000000080000000, 0x0000000100000000)
  region size 1024K, 6 young (6144K), 6 survivors (6144K)
 Metaspace       used 116598K, committed 118656K, reserved 1179648K
  class space    used 15757K, committed 16768K, reserved 1048576K
}
Event: 73.323 GC heap before
{Heap before GC invocations=58 (full 0):
 garbage-first heap   total 264192K, used 154198K [0x0000000080000000, 0x0000000100000000)
  region size 1024K, 7 young (7168K), 6 survivors (6144K)
 Metaspace       used 116598K, committed 118656K, reserved 1179648K
  class space    used 15757K, committed 16768K, reserved 1048576K
}
Event: 73.333 GC heap after
{Heap after GC invocations=59 (full 0):
 garbage-first heap   total 264192K, used 153692K [0x0000000080000000, 0x0000000100000000)
  region size 1024K, 1 young (1024K), 1 survivors (1024K)
 Metaspace       used 116598K, committed 118656K, reserved 1179648K
  class space    used 15757K, committed 16768K, reserved 1048576K
}
Event: 74.730 GC heap before
{Heap before GC invocations=60 (full 0):
 garbage-first heap   total 281600K, used 237660K [0x0000000080000000, 0x0000000100000000)
  region size 1024K, 70 young (71680K), 1 survivors (1024K)
 Metaspace       used 119412K, committed 121536K, reserved 1179648K
  class space    used 15968K, committed 17024K, reserved 1048576K
}
Event: 74.791 GC heap after
{Heap after GC invocations=61 (full 0):
 garbage-first heap   total 281600K, used 167956K [0x0000000080000000, 0x0000000100000000)
  region size 1024K, 9 young (9216K), 9 survivors (9216K)
 Metaspace       used 119412K, committed 121536K, reserved 1179648K
  class space    used 15968K, committed 17024K, reserved 1048576K
}
Event: 75.479 GC heap before
{Heap before GC invocations=61 (full 0):
 garbage-first heap   total 281600K, used 242708K [0x0000000080000000, 0x0000000100000000)
  region size 1024K, 83 young (84992K), 9 survivors (9216K)
 Metaspace       used 120865K, committed 122880K, reserved 1179648K
  class space    used 16080K, committed 17088K, reserved 1048576K
}
Event: 75.547 GC heap after
{Heap after GC invocations=62 (full 0):
 garbage-first heap   total 281600K, used 170063K [0x0000000080000000, 0x0000000100000000)
  region size 1024K, 5 young (5120K), 5 survivors (5120K)
 Metaspace       used 120865K, committed 122880K, reserved 1179648K
  class space    used 16080K, committed 17088K, reserved 1048576K
}
Event: 77.558 GC heap before
{Heap before GC invocations=62 (full 0):
 garbage-first heap   total 281600K, used 247887K [0x0000000080000000, 0x0000000100000000)
  region size 1024K, 82 young (83968K), 5 survivors (5120K)
 Metaspace       used 123435K, committed 125504K, reserved 1179648K
  class space    used 16312K, committed 17344K, reserved 1048576K
}
Event: 77.578 GC heap after
{Heap after GC invocations=63 (full 0):
 garbage-first heap   total 281600K, used 171676K [0x0000000080000000, 0x0000000100000000)
  region size 1024K, 6 young (6144K), 6 survivors (6144K)
 Metaspace       used 123435K, committed 125504K, reserved 1179648K
  class space    used 16312K, committed 17344K, reserved 1048576K
}
Event: 83.594 GC heap before
{Heap before GC invocations=64 (full 0):
 garbage-first heap   total 281600K, used 234140K [0x0000000080000000, 0x0000000100000000)
  region size 1024K, 89 young (91136K), 6 survivors (6144K)
 Metaspace       used 125051K, committed 127104K, reserved 1179648K
  class space    used 16491K, committed 17536K, reserved 1048576K
}
Event: 83.617 GC heap after
{Heap after GC invocations=65 (full 0):
 garbage-first heap   total 281600K, used 154268K [0x0000000080000000, 0x0000000100000000)
  region size 1024K, 10 young (10240K), 10 survivors (10240K)
 Metaspace       used 125051K, committed 127104K, reserved 1179648K
  class space    used 16491K, committed 17536K, reserved 1048576K
}
Event: 88.536 GC heap before
{Heap before GC invocations=65 (full 0):
 garbage-first heap   total 281600K, used 251548K [0x0000000080000000, 0x0000000100000000)
  region size 1024K, 105 young (107520K), 10 survivors (10240K)
 Metaspace       used 126276K, committed 128320K, reserved 1179648K
  class space    used 16638K, committed 17664K, reserved 1048576K
}
Event: 88.586 GC heap after
{Heap after GC invocations=66 (full 0):
 garbage-first heap   total 281600K, used 137399K [0x0000000080000000, 0x0000000100000000)
  region size 1024K, 13 young (13312K), 13 survivors (13312K)
 Metaspace       used 126276K, committed 128320K, reserved 1179648K
  class space    used 16638K, committed 17664K, reserved 1048576K
}
Event: 92.417 GC heap before
{Heap before GC invocations=66 (full 0):
 garbage-first heap   total 281600K, used 227511K [0x0000000080000000, 0x0000000100000000)
  region size 1024K, 103 young (105472K), 13 survivors (13312K)
 Metaspace       used 127570K, committed 129728K, reserved 1179648K
  class space    used 16800K, committed 17920K, reserved 1048576K
}
Event: 92.525 GC heap after
{Heap after GC invocations=67 (full 0):
 garbage-first heap   total 281600K, used 141768K [0x0000000080000000, 0x0000000100000000)
  region size 1024K, 12 young (12288K), 12 survivors (12288K)
 Metaspace       used 127570K, committed 129728K, reserved 1179648K
  class space    used 16800K, committed 17920K, reserved 1048576K
}
Event: 96.816 GC heap before
{Heap before GC invocations=68 (full 0):
 garbage-first heap   total 281600K, used 280008K [0x0000000080000000, 0x0000000100000000)
  region size 1024K, 107 young (109568K), 12 survivors (12288K)
 Metaspace       used 131375K, committed 133504K, reserved 1179648K
  class space    used 17329K, committed 18432K, reserved 1048576K
}
Event: 96.921 GC heap after
{Heap after GC invocations=69 (full 0):
 garbage-first heap   total 322560K, used 194832K [0x0000000080000000, 0x0000000100000000)
  region size 1024K, 16 young (16384K), 16 survivors (16384K)
 Metaspace       used 131375K, committed 133504K, reserved 1179648K
  class space    used 17329K, committed 18432K, reserved 1048576K
}
Event: 97.782 GC heap before
{Heap before GC invocations=69 (full 0):
 garbage-first heap   total 322560K, used 280848K [0x0000000080000000, 0x0000000100000000)
  region size 1024K, 100 young (102400K), 16 survivors (16384K)
 Metaspace       used 133659K, committed 135808K, reserved 1179648K
  class space    used 17800K, committed 18944K, reserved 1048576K
}

